This is XeTeX, Version 3.14159265-2.6-0.99999 (TeX Live 2018/W32TeX) (preloaded format=xelatex 2019.4.16)  10 JUN 2019 16:19
entering extended mode
 \write18 enabled.
 file:line:error style messages enabled.
 %&-line parsing enabled.
**d:/Document/4ES^^8dH^^8aw^^8e^^L±/^^83f^^83B^^83W^^83^^^83^^8b^^89???/^^83f^^83B^^83W^^83^^^83^^8b^^89???.tex

! Emergency stop.
<to be read again> 
                   \par 
<*> d:/Document/4ES^^8dH^^8aw^^8e^^L
                                    ±/^^83f^^83B^^83W^^83^^^83^^8b^^89熳/^^83...
*** (job aborted, file error in nonstop mode)

 
Here is how much of TeX's memory you used:
 3 strings out of 492933
 30 string characters out of 6132721
 64308 words of memory out of 5000000
 4143 multiletter control sequences out of 15000+600000
 3640 words of font info for 14 fonts, out of 8000000 for 9000
 1348 hyphenation exceptions out of 8191
 1i,0n,0p,1b,6s stack positions out of 5000i,500n,10000p,200000b,80000s
No pages of output.
