This is e-pTeX, Version 3.14159265-p3.8.1-180901-2.6 (utf8.euc) (TeX Live 2019/dev/Debian) (preloaded format=platex 2019.11.2)  5 NOV 2019 08:37
entering extended mode
 restricted \write18 enabled.
 %&-line parsing enabled.
**transister_amplification.tex platex transister_amplification.tex
(./transister_amplification.tex
pLaTeX2e <2018-12-01> (based on LaTeX2e <2018-12-01>)
(/usr/share/texlive/texmf-dist/tex/platex/base/jarticle.cls
Document Class: jarticle 2018/10/25 v1.8a Standard pLaTeX class
\c@@paper=\count83
(/usr/share/texlive/texmf-dist/tex/platex/base/jsize10.clo
File: jsize10.clo 2018/10/25 v1.8a Standard pLaTeX file (size option)
)
\c@part=\count84
\c@section=\count85
\c@subsection=\count86
\c@subsubsection=\count87
\c@paragraph=\count88
\c@subparagraph=\count89
\c@figure=\count90
\c@table=\count91
\abovecaptionskip=\skip41
\belowcaptionskip=\skip42
\symmincho=\mathgroup4
LaTeX Font Info:    Overwriting symbol font `mincho' in version `bold'
(Font)                  JY1/mc/m/n --> JY1/gt/m/n on input line 614.
\toclineskip=\dimen118
\@lnumwidth=\dimen119
\bibindent=\dimen120
\heisei=\count92
)
(/usr/share/texlive/texmf-dist/tex/latex/titlesec/titlesec.sty
Package: titlesec 2016/03/21 v2.10.2 Sectioning titles
\ttl@box=\box43
\beforetitleunit=\skip43
\aftertitleunit=\skip44
\ttl@plus=\dimen121
\ttl@minus=\dimen122
\ttl@toksa=\toks15
\titlewidth=\dimen123
\titlewidthlast=\dimen124
\titlewidthfirst=\dimen125
)
(/usr/share/texlive/texmf-dist/tex/latex/graphics/graphicx.sty
Package: graphicx 2017/06/01 v1.1a Enhanced LaTeX Graphics (DPC,SPQR)

(/usr/share/texlive/texmf-dist/tex/latex/graphics/keyval.sty
Package: keyval 2014/10/28 v1.15 key=value parser (DPC)
\KV@toks@=\toks16
)
(/usr/share/texlive/texmf-dist/tex/latex/graphics/graphics.sty
Package: graphics 2017/06/25 v1.2c Standard LaTeX Graphics (DPC,SPQR)

(/usr/share/texlive/texmf-dist/tex/latex/graphics/trig.sty
Package: trig 2016/01/03 v1.10 sin cos tan (DPC)
)
(/usr/share/texlive/texmf-dist/tex/latex/graphics-cfg/graphics.cfg
File: graphics.cfg 2016/06/04 v1.11 sample graphics configuration
)
Package graphics Info: Driver file: dvipdfmx.def on input line 99.

(/usr/share/texlive/texmf-dist/tex/latex/graphics-def/dvipdfmx.def
File: dvipdfmx.def 2017/06/24 v5.0g Graphics/color driver for dvipdfmx
))
\Gin@req@height=\dimen126
\Gin@req@width=\dimen127
)
(/usr/share/texlive/texmf-dist/tex/latex/graphics/color.sty
Package: color 2016/07/10 v1.1e Standard LaTeX Color (DPC)

(/usr/share/texlive/texmf-dist/tex/latex/graphics-cfg/color.cfg
File: color.cfg 2016/01/02 v1.6 sample color configuration
)
Package color Info: Driver file: dvipdfmx.def on input line 147.

(/usr/share/texlive/texmf-dist/tex/latex/graphics/dvipsnam.def
File: dvipsnam.def 2016/06/17 v3.0m Driver-dependent file (DPC,SPQR)
))
(/usr/share/texlive/texmf-dist/tex/latex/float/float.sty
Package: float 2001/11/08 v1.3d Float enhancements (AL)
\c@float@type=\count93
\float@exts=\toks17
\float@box=\box44
\@float@everytoks=\toks18
\@floatcapt=\box45
)
(/usr/share/texlive/texmf-dist/tex/latex/wrapfig/wrapfig.sty
\wrapoverhang=\dimen128
\WF@size=\dimen129
\c@WF@wrappedlines=\count94
\WF@box=\box46
\WF@everypar=\toks19
Package: wrapfig 2003/01/31  v 3.6
)
(/usr/share/texlive/texmf-dist/tex/latex/subfigure/subfigure.sty
Package: subfigure 2002/03/15 v2.1.5 subfigure package
\subfigtopskip=\skip45
\subfigcapskip=\skip46
\subfigcaptopadj=\dimen130
\subfigbottomskip=\skip47
\subfigcapmargin=\dimen131
\subfiglabelskip=\skip48
\c@subfigure=\count95
\c@lofdepth=\count96
\c@subtable=\count97
\c@lotdepth=\count98

****************************************
* Local config file subfigure.cfg used *
****************************************
(/usr/share/texlive/texmf-dist/tex/latex/subfigure/subfigure.cfg)
\subfig@top=\skip49
\subfig@bottom=\skip50
)
(/usr/share/texlive/texmf-dist/tex/latex/caption/caption.sty
Package: caption 2018/10/06 v3.3-154 Customizing captions (AR)

(/usr/share/texlive/texmf-dist/tex/latex/caption/caption3.sty
Package: caption3 2018/09/12 v1.8c caption3 kernel (AR)
Package caption3 Info: TeX engine: e-TeX on input line 64.
\captionmargin=\dimen132
\captionmargin@=\dimen133
\captionwidth=\dimen134
\caption@tempdima=\dimen135
\caption@indent=\dimen136
\caption@parindent=\dimen137
\caption@hangindent=\dimen138
Package caption Info: Unknown document class (or package),
(caption)             standard defaults will be used.
)

Package caption Warning: Unsupported document class (or package) detected,
(caption)                usage of the caption package is not recommended.
See the caption package documentation for explanation.

Package caption Info: \@makecaption = \long macro:#1#2->\vskip \abovecaptionski
p \iftdir \sbox \@tempboxa {#1\hskip 1zw#2}\else \sbox \@tempboxa {#1: #2}\fi \
ifdim \wd \@tempboxa >\hsize \iftdir #1\hskip 1zw#2\relax \par \else #1: #2\rel
ax \par \fi \else \global \@minipagefalse \hb@xt@ \hsize {\hfil \box \@tempboxa
 \hfil }\fi \vskip \belowcaptionskip .
\c@caption@flags=\count99
\c@ContinuedFloat=\count100
Package caption Info: float package is loaded.
Package caption Info: subfigure package is loaded.
Package caption Info: wrapfig package is loaded.
) (/usr/share/texlive/texmf-dist/tex/latex/multirow/multirow.sty
Package: multirow 2019/01/01 v2.4 Span multiple rows of a table
\multirow@colwidth=\skip51
\multirow@cntb=\count101
\multirow@dima=\skip52
\bigstrutjot=\dimen139
)
(./transister_amplification.aux

LaTeX Warning: Label `fig:10' multiply defined.

)
\openout1 = `transister_amplification.aux'.

LaTeX Font Info:    Checking defaults for OML/cmm/m/it on input line 22.
LaTeX Font Info:    ... okay on input line 22.
LaTeX Font Info:    Checking defaults for T1/cmr/m/n on input line 22.
LaTeX Font Info:    ... okay on input line 22.
LaTeX Font Info:    Checking defaults for OT1/cmr/m/n on input line 22.
LaTeX Font Info:    ... okay on input line 22.
LaTeX Font Info:    Checking defaults for OMS/cmsy/m/n on input line 22.
LaTeX Font Info:    ... okay on input line 22.
LaTeX Font Info:    Checking defaults for OMX/cmex/m/n on input line 22.
LaTeX Font Info:    ... okay on input line 22.
LaTeX Font Info:    Checking defaults for U/cmr/m/n on input line 22.
LaTeX Font Info:    ... okay on input line 22.
LaTeX Font Info:    Checking defaults for JY1/mc/m/n on input line 22.
LaTeX Font Info:    ... okay on input line 22.
LaTeX Font Info:    Checking defaults for JT1/mc/m/n on input line 22.
LaTeX Font Info:    ... okay on input line 22.
Package caption Info: Begin \AtBeginDocument code.
Package caption Info: End \AtBeginDocument code.
LaTeX Font Info:    Font shape `JT1/mc/bx/n' in size <14.4> not available
(Font)              Font shape `JT1/gt/m/n' tried instead on input line 23.
LaTeX Font Info:    Font shape `JY1/mc/bx/n' in size <14.4> not available
(Font)              Font shape `JY1/gt/m/n' tried instead on input line 23.
LaTeX Font Info:    Font shape `JT1/mc/bx/n' in size <12> not available
(Font)              Font shape `JT1/gt/m/n' tried instead on input line 24.
LaTeX Font Info:    Font shape `JY1/mc/bx/n' in size <12> not available
(Font)              Font shape `JY1/gt/m/n' tried instead on input line 24.
LaTeX Font Info:    Font shape `JT1/mc/bx/n' in size <10> not available
(Font)              Font shape `JT1/gt/m/n' tried instead on input line 26.
LaTeX Font Info:    Font shape `JY1/mc/bx/n' in size <10> not available
(Font)              Font shape `JY1/gt/m/n' tried instead on input line 26.
LaTeX Font Info:    External font `cmex10' loaded for size
(Font)              <7> on input line 27.
LaTeX Font Info:    External font `cmex10' loaded for size
(Font)              <5> on input line 27.
File: ../images/fig-1.png Graphic file (type bmp)
<../images/fig-1.png>
File: ../images/fig-2.png Graphic file (type bmp)
<../images/fig-2.png>

Overfull \hbox (2.22221pt too wide) in paragraph at lines 29--41
[][]$[]$[] []$[]$[] 
 []

File: ../images/fig-1.png Graphic file (type bmp)
<../images/fig-1.png>
File: ../images/fig-2.png Graphic file (type bmp)
<../images/fig-2.png>

Overfull \hbox (2.22221pt too wide) in paragraph at lines 46--58
[][]$[]$[] []$[]$[] 
 []

[1

]
LaTeX Font Info:    External font `cmex10' loaded for size
(Font)              <9> on input line 70.
LaTeX Font Info:    External font `cmex10' loaded for size
(Font)              <6> on input line 70.
File: ../images/fig-5.png Graphic file (type bmp)
<../images/fig-5.png>
File: ../images/fig-6.png Graphic file (type bmp)
<../images/fig-6.png>

Overfull \hbox (2.22221pt too wide) in paragraph at lines 73--85
[][]$[]$[] []$[]$[] 
 []

File: ../images/fig-7.png Graphic file (type bmp)
<../images/fig-7.png>
File: ../images/fig-8.png Graphic file (type bmp)
<../images/fig-8.png>

Overfull \hbox (2.22221pt too wide) in paragraph at lines 90--102
[][]$[]$[] []$[]$[] 
 []

[2]
File: ../images/fig-9.png Graphic file (type bmp)
<../images/fig-9.png>
File: ../images/fig-10.png Graphic file (type bmp)
<../images/fig-10.png>
LaTeX Font Info:    Try loading font information for OMS+cmr on input line 147.

 (/usr/share/texlive/texmf-dist/tex/latex/base/omscmr.fd
File: omscmr.fd 2014/09/29 v2.5h Standard LaTeX font definitions
)
LaTeX Font Info:    Font shape `OMS/cmr/m/n' in size <10> not available
(Font)              Font shape `OMS/cmsy/m/n' tried instead on input line 147.

Overfull \hbox (3.21588pt too wide) in paragraph at lines 153--159
[][][][] 
 []


Overfull \hbox (9.01654pt too wide) in paragraph at lines 132--159
[]\JY1/mc/m/n/10 コレクタ\OT1/cmr/m/n/10 -\JY1/mc/m/n/10 エミ ッ タ間電圧 $\OML
/cmm/m/it/10 V[] \OT1/cmr/m/n/10 =$ []$[]$[]$\OML/cmm/m/it/10 V$ 
 []

[3]

LaTeX Warning: Command \textcircled invalid in math mode on input line 168.


LaTeX Warning: Command \textcircled invalid in math mode on input line 168.


LaTeX Warning: Command \textcircled invalid in math mode on input line 168.


LaTeX Warning: Command \textcircled invalid in math mode on input line 168.


LaTeX Warning: Command \textcircled invalid in math mode on input line 169.


LaTeX Warning: Command \textcircled invalid in math mode on input line 169.


LaTeX Warning: Command \textcircled invalid in math mode on input line 169.


LaTeX Warning: Command \textcircled invalid in math mode on input line 169.


LaTeX Warning: Command \textcircled invalid in math mode on input line 170.


LaTeX Warning: Command \textcircled invalid in math mode on input line 170.


LaTeX Warning: Command \textcircled invalid in math mode on input line 170.


LaTeX Warning: Command \textcircled invalid in math mode on input line 170.


LaTeX Warning: Command \textcircled invalid in math mode on input line 171.


LaTeX Warning: Command \textcircled invalid in math mode on input line 171.


LaTeX Warning: Command \textcircled invalid in math mode on input line 171.


LaTeX Warning: Command \textcircled invalid in math mode on input line 171.

File: ../images/fig-11.png Graphic file (type bmp)
<../images/fig-11.png>
File: ../images/fig-12.png Graphic file (type bmp)
<../images/fig-12.png>

Underfull \hbox (badness 10000) in paragraph at lines 194--202
[]
 []


Package caption Warning: \label without proper reference on input line 119.
See the caption package documentation for explanation.


LaTeX Warning: Reference `fig:9' on page 4 undefined on input line 205.

[4]

LaTeX Font Warning: Font shape `JT1/gt/m/it' undefined
(Font)              using `JT1/gt/m/n' instead on input line 231.


LaTeX Font Warning: Font shape `JY1/gt/m/it' undefined
(Font)              using `JY1/gt/m/n' instead on input line 231.

[5]
File: ../images/fig-13.png Graphic file (type bmp)
<../images/fig-13.png>
File: ../images/fig-14.png Graphic file (type bmp)
<../images/fig-14.png>

Overfull \hbox (2.22221pt too wide) in paragraph at lines 239--251
[][]$[]$[] []$[]$[] 
 []

File: ../images/fig-15.png Graphic file (type bmp)
<../images/fig-15.png>
File: ../images/fig-16.png Graphic file (type bmp)
<../images/fig-16.png>

Overfull \hbox (2.22221pt too wide) in paragraph at lines 258--270
[][]$[]$[] []$[]$[] 
 []

[6]
File: ../images/ex-1.png Graphic file (type bmp)
<../images/ex-1.png>
 [7] [8]
File: ../images/ex-2.png Graphic file (type bmp)
<../images/ex-2.png>
 [9]
File: ../images/ex-3.png Graphic file (type bmp)
<../images/ex-3.png>
 [10] (./transister_amplification.aux)

LaTeX Font Warning: Some font shapes were not available, defaults substituted.


LaTeX Warning: There were undefined references.


LaTeX Warning: There were multiply-defined labels.

 ) 
Here is how much of TeX's memory you used:
 2555 strings out of 494319
 39031 string characters out of 6171545
 121602 words of memory out of 5000000
 6436 multiletter control sequences out of 15000+600000
 12861 words of font info for 50 fonts, out of 8000000 for 9000
 264 hyphenation exceptions out of 8191
 36i,18n,39p,351b,399s stack positions out of 5000i,500n,10000p,200000b,80000s

Output written on transister_amplification.dvi (10 pages, 38516 bytes).
