This is e-pTeX, Version 3.14159265-p3.8.1-180226-2.6 (utf8.sjis) (TeX Live 2018/W32TeX) (preloaded format=platex 2019.4.16)  14 MAY 2019 06:16
entering extended mode
 restricted \write18 enabled.
 %&-line parsing enabled.
**ディジタル回路I.tex
(./ディジタル回路I.tex
pLaTeX2e <2018-12-01> (based on LaTeX2e <2018-12-01>)
(d:/software/texlive/2018/texmf-dist/tex/platex/base/jarticle.cls
Document Class: jarticle 2018/10/25 v1.8a Standard pLaTeX class
\c@@paper=\count83
(d:/software/texlive/2018/texmf-dist/tex/platex/base/jsize10.clo
File: jsize10.clo 2018/10/25 v1.8a Standard pLaTeX file (size option)
)
\c@part=\count84
\c@section=\count85
\c@subsection=\count86
\c@subsubsection=\count87
\c@paragraph=\count88
\c@subparagraph=\count89
\c@figure=\count90
\c@table=\count91
\abovecaptionskip=\skip41
\belowcaptionskip=\skip42
\symmincho=\mathgroup4
LaTeX Font Info:    Overwriting symbol font `mincho' in version `bold'
(Font)                  JY1/mc/m/n --> JY1/gt/m/n on input line 614.
\toclineskip=\dimen118
\@lnumwidth=\dimen119
\bibindent=\dimen120
\heisei=\count92
)
(d:/software/texlive/2018/texmf-dist/tex/latex/titlesec/titlesec.sty
Package: titlesec 2016/03/21 v2.10.2 Sectioning titles
\ttl@box=\box43
\beforetitleunit=\skip43
\aftertitleunit=\skip44
\ttl@plus=\dimen121
\ttl@minus=\dimen122
\ttl@toksa=\toks15
\titlewidth=\dimen123
\titlewidthlast=\dimen124
\titlewidthfirst=\dimen125
)
(d:/software/texlive/2018/texmf-dist/tex/latex/graphics/graphicx.sty
Package: graphicx 2017/06/01 v1.1a Enhanced LaTeX Graphics (DPC,SPQR)

(d:/software/texlive/2018/texmf-dist/tex/latex/graphics/keyval.sty
Package: keyval 2014/10/28 v1.15 key=value parser (DPC)
\KV@toks@=\toks16
)
(d:/software/texlive/2018/texmf-dist/tex/latex/graphics/graphics.sty
Package: graphics 2017/06/25 v1.2c Standard LaTeX Graphics (DPC,SPQR)

(d:/software/texlive/2018/texmf-dist/tex/latex/graphics/trig.sty
Package: trig 2016/01/03 v1.10 sin cos tan (DPC)
)
(d:/software/texlive/2018/texmf-dist/tex/latex/graphics-cfg/graphics.cfg
File: graphics.cfg 2016/06/04 v1.11 sample graphics configuration
)
Package graphics Info: Driver file: dvipdfmx.def on input line 99.

(d:/software/texlive/2018/texmf-dist/tex/latex/graphics-def/dvipdfmx.def
File: dvipdfmx.def 2017/06/24 v5.0g Graphics/color driver for dvipdfmx
))
\Gin@req@height=\dimen126
\Gin@req@width=\dimen127
)
(d:/software/texlive/2018/texmf-dist/tex/latex/float/float.sty
Package: float 2001/11/08 v1.3d Float enhancements (AL)
\c@float@type=\count93
\float@exts=\toks17
\float@box=\box44
\@float@everytoks=\toks18
\@floatcapt=\box45
)
(d:/software/texlive/2018/texmf-dist/tex/latex/wrapfig/wrapfig.sty
\wrapoverhang=\dimen128
\WF@size=\dimen129
\c@WF@wrappedlines=\count94
\WF@box=\box46
\WF@everypar=\toks19
Package: wrapfig 2003/01/31  v 3.6
)
(d:/software/texlive/2018/texmf-dist/tex/latex/subfigure/subfigure.sty
Package: subfigure 2002/03/15 v2.1.5 subfigure package
\subfigtopskip=\skip45
\subfigcapskip=\skip46
\subfigcaptopadj=\dimen130
\subfigbottomskip=\skip47
\subfigcapmargin=\dimen131
\subfiglabelskip=\skip48
\c@subfigure=\count95
\c@lofdepth=\count96
\c@subtable=\count97
\c@lotdepth=\count98

****************************************
* Local config file subfigure.cfg used *
****************************************
(d:/software/texlive/2018/texmf-dist/tex/latex/subfigure/subfigure.cfg)
\subfig@top=\skip49
\subfig@bottom=\skip50
)
(d:/software/texlive/2018/texmf-dist/tex/latex/caption/caption.sty
Package: caption 2018/10/06 v3.3-154 Customizing captions (AR)

(d:/software/texlive/2018/texmf-dist/tex/latex/caption/caption3.sty
Package: caption3 2018/09/12 v1.8c caption3 kernel (AR)
Package caption3 Info: TeX engine: e-TeX on input line 64.
\captionmargin=\dimen132
\captionmargin@=\dimen133
\captionwidth=\dimen134
\caption@tempdima=\dimen135
\caption@indent=\dimen136
\caption@parindent=\dimen137
\caption@hangindent=\dimen138
Package caption Info: Unknown document class (or package),
(caption)             standard defaults will be used.
)

Package caption Warning: Unsupported document class (or package) detected,
(caption)                usage of the caption package is not recommended.
See the caption package documentation for explanation.

Package caption Info: \@makecaption = \long macro:#1#2->\vskip \abovecaptionski
p \iftdir \sbox \@tempboxa {#1\hskip 1zw#2}\else \sbox \@tempboxa {#1: #2}\fi \
ifdim \wd \@tempboxa >\hsize \iftdir #1\hskip 1zw#2\relax \par \else #1: #2\rel
ax \par \fi \else \global \@minipagefalse \hb@xt@ \hsize {\hfil \box \@tempboxa
 \hfil }\fi \vskip \belowcaptionskip .
\c@caption@flags=\count99
\c@ContinuedFloat=\count100
Package caption Info: float package is loaded.
Package caption Info: subfigure package is loaded.
Package caption Info: wrapfig package is loaded.
) (./ディジタル回路I.aux)
\openout1 = `ディジタル回路I.aux'.

LaTeX Font Info:    Checking defaults for OML/cmm/m/it on input line 17.
LaTeX Font Info:    ... okay on input line 17.
LaTeX Font Info:    Checking defaults for T1/cmr/m/n on input line 17.
LaTeX Font Info:    ... okay on input line 17.
LaTeX Font Info:    Checking defaults for OT1/cmr/m/n on input line 17.
LaTeX Font Info:    ... okay on input line 17.
LaTeX Font Info:    Checking defaults for OMS/cmsy/m/n on input line 17.
LaTeX Font Info:    ... okay on input line 17.
LaTeX Font Info:    Checking defaults for OMX/cmex/m/n on input line 17.
LaTeX Font Info:    ... okay on input line 17.
LaTeX Font Info:    Checking defaults for U/cmr/m/n on input line 17.
LaTeX Font Info:    ... okay on input line 17.
LaTeX Font Info:    Checking defaults for JY1/mc/m/n on input line 17.
LaTeX Font Info:    ... okay on input line 17.
LaTeX Font Info:    Checking defaults for JT1/mc/m/n on input line 17.
LaTeX Font Info:    ... okay on input line 17.
Package caption Info: Begin \AtBeginDocument code.
Package caption Info: End \AtBeginDocument code.
LaTeX Font Info:    Font shape `JT1/mc/bx/n' in size <14.4> not available
(Font)              Font shape `JT1/gt/m/n' tried instead on input line 20.
LaTeX Font Info:    Font shape `JY1/mc/bx/n' in size <14.4> not available
(Font)              Font shape `JY1/gt/m/n' tried instead on input line 20.
LaTeX Font Info:    Font shape `JT1/mc/bx/n' in size <12> not available
(Font)              Font shape `JT1/gt/m/n' tried instead on input line 28.
LaTeX Font Info:    Font shape `JY1/mc/bx/n' in size <12> not available
(Font)              Font shape `JY1/gt/m/n' tried instead on input line 28.
LaTeX Font Info:    External font `cmex10' loaded for size
(Font)              <7> on input line 31.
LaTeX Font Info:    External font `cmex10' loaded for size
(Font)              <5> on input line 31.
File: 実験テキスト/図1.png Graphic file (type bmp)
<実験テキスト/図1.png>
File: 実験テキスト/図2.png Graphic file (type bmp)
<実験テキスト/図2.png>

Overfull \hbox (2.22221pt too wide) in paragraph at lines 36--46
[][]$[]$[] []$[]$[] 
 []

File: 実験テキスト/図3.png Graphic file (type bmp)
<実験テキスト/図3.png>
File: 実験テキスト/図4.png Graphic file (type bmp)
<実験テキスト/図4.png>

Overfull \hbox (2.22221pt too wide) in paragraph at lines 58--68
[][]$[]$[] []$[]$[] 
 []

[1

] [2]
File: 実験テキスト/図5.png Graphic file (type bmp)
<実験テキスト/図5.png>

Overfull \hbox (4.39566pt too wide) in paragraph at lines 91--92
 [][] 
 []

File: 実験テキスト/図6.png Graphic file (type bmp)
<実験テキスト/図6.png>

Overfull \hbox (2.22221pt too wide) in paragraph at lines 89--99
[][]$[]$[] []$[]$[] 
 []

File: 実験テキスト/図7.png Graphic file (type bmp)
<実験テキスト/図7.png>

Overfull \hbox (1.60893pt too wide) in paragraph at lines 111--112
 [][] 
 []

File: 実験テキスト/図8.png Graphic file (type bmp)
<実験テキスト/図8.png>

Overfull \hbox (2.22221pt too wide) in paragraph at lines 109--119
[][]$[]$[] []$[]$[] 
 []

File: 実験テキスト/図9.png Graphic file (type bmp)
<実験テキスト/図9.png>

Overfull \hbox (7.01114pt too wide) in paragraph at lines 128--129
 [] 
 []

[3]
File: 実験テキスト/図10.png Graphic file (type bmp)
<実験テキスト/図10.png>
 [4]
File: 実験テキスト/図11.png Graphic file (type bmp)
<実験テキスト/図11.png>

Overfull \hbox (3.8461pt too wide) in paragraph at lines 158--159
 [] 
 []

[5]
LaTeX Font Info:    External font `cmex10' loaded for size
(Font)              <9> on input line 198.
LaTeX Font Info:    External font `cmex10' loaded for size
(Font)              <6> on input line 198.
File: Result/Experiment/実験3_1.png Graphic file (type bmp)
<Result/Experiment/実験3_1.png>

Overfull \hbox (11.15562pt too wide) in paragraph at lines 192--250
[][][][] 
 []

[6]
File: Result/Experiment/実験3_2.png Graphic file (type bmp)
<Result/Experiment/実験3_2.png>

Overfull \hbox (11.15562pt too wide) in paragraph at lines 256--303
[][][][] 
 []

[7]
File: Result/Experiment/実験3_3.png Graphic file (type bmp)
<Result/Experiment/実験3_3.png>

Overfull \hbox (11.15562pt too wide) in paragraph at lines 309--343
 [][][][] 
 []

File: Result/Experiment/実験3_4.png Graphic file (type bmp)
<Result/Experiment/実験3_4.png>

Overfull \hbox (11.15562pt too wide) in paragraph at lines 347--377
 [][][][] 
 []

[8]
LaTeX Font Info:    Font shape `JT1/mc/bx/n' in size <10> not available
(Font)              Font shape `JT1/gt/m/n' tried instead on input line 398.
LaTeX Font Info:    Font shape `JY1/mc/bx/n' in size <10> not available
(Font)              Font shape `JY1/gt/m/n' tried instead on input line 398.
File: images/r105m-Vout-Va.png Graphic file (type bmp)
<images/r105m-Vout-Va.png>
File: images/r105m-Vout-Vb.png Graphic file (type bmp)
<images/r105m-Vout-Vb.png>
File: images/r105m-Vout-Vd.png Graphic file (type bmp)
<images/r105m-Vout-Vd.png>
 [9] [10]
File: images/224j-Vout-Va.png Graphic file (type bmp)
<images/224j-Vout-Va.png>
File: images/224j-Vout-Vb.png Graphic file (type bmp)
<images/224j-Vout-Vb.png>
File: images/224j-Vout-Vd.png Graphic file (type bmp)
<images/224j-Vout-Vd.png>
 [11] [12]
File: images/223kc-Vout-Va.png Graphic file (type bmp)
<images/223kc-Vout-Va.png>
File: images/223kc-Vout-Vb.png Graphic file (type bmp)
<images/223kc-Vout-Vb.png>
File: images/223kc-Vout-Vd.png Graphic file (type bmp)
<images/223kc-Vout-Vd.png>
 [13] [14]
File: images/r105m-ex.png Graphic file (type bmp)
<images/r105m-ex.png>
File: images/224j-ex.png Graphic file (type bmp)
<images/224j-ex.png>
 [15]
File: images/223kc-ex.png Graphic file (type bmp)
<images/223kc-ex.png>
 [16] [17] [18]
File: images/動作原理.png Graphic file (type bmp)
<images/動作原理.png>
 [19]

LaTeX Warning: Reference `{tbl:3.4-C}' on page 20 undefined on input line 572.


Overfull \hbox (43.86105pt too wide) in paragraph at lines 597--598
[]\OT1/cmr/m/n/10 (URL : https://toshiba.semicon-storage.com/info/docget.jsp?di
d=6907&prodName=TC74HC00AP) 
 []

[20] (./ディジタル回路I.aux)

LaTeX Warning: There were undefined references.

 ) 
Here is how much of TeX's memory you used:
 2408 strings out of 493226
 37520 string characters out of 6143812
 118946 words of memory out of 5000000
 6385 multiletter control sequences out of 15000+600000
 12515 words of font info for 49 fonts, out of 8000000 for 9000
 929 hyphenation exceptions out of 8191
 36i,16n,39p,421b,495s stack positions out of 5000i,500n,10000p,200000b,80000s

Output written on ディジタル回路I.dvi (20 pages, 49208 bytes).
